<?xml version="1.0" encoding="UTF-8"?>
<!-- Generated by org.testng.reporters.JUnitReportReporter -->
<testsuite skipped="0" hostname="Majd" name="Github.Search" tests="5" failures="0" timestamp="27 Sep 2020 06:36:07 GMT" time="3.005" errors="0">
  <testcase name="Part3_1" time="0.054" classname="Github.Search"/>
  <testcase name="Part3_2" time="1.354" classname="Github.Search"/>
  <testcase name="part3_3" time="0.076" classname="Github.Search"/>
  <testcase name="part3_4" time="1.341" classname="Github.Search"/>
  <testcase name="part3_5" time="0.180" classname="Github.Search"/>
</testsuite> <!-- Github.Search -->
