<?xml version="1.0" encoding="UTF-8"?>
<!-- Generated by org.testng.reporters.JUnitReportReporter -->
<testsuite skipped="0" hostname="Majd" name="Github.Registration.NewTest" tests="1" failures="0" timestamp="24 Sep 2020 05:40:45 GMT" time="0.007" errors="0">
  <testcase name="f" time="0.007" classname="Github.Registration.NewTest"/>
</testsuite> <!-- Github.Registration.NewTest -->
